<?xml version="1.0" encoding="UTF-8"?>
<testng-results skipped="0" failed="0" ignored="0" total="1" passed="1">
  <reporter-output>
  </reporter-output>
  <suite name="Suite" duration-ms="14761" started-at="2018-06-29T09:48:11Z" finished-at="2018-06-29T09:48:26Z">
    <groups>
    </groups>
    <test name="Test" duration-ms="14761" started-at="2018-06-29T09:48:11Z" finished-at="2018-06-29T09:48:26Z">
      <class name="com.demoaut.mercurytours.TestCases.RegisterUserTest">
        <test-method status="PASS" signature="startReport()[pri:0, instance:com.demoaut.mercurytours.TestCases.RegisterUserTest@7946e1f4]" name="startReport" is-config="true" duration-ms="253" started-at="2018-06-29T15:18:11Z" finished-at="2018-06-29T15:18:12Z">
          <reporter-output>
          </reporter-output>
        </test-method> <!-- startReport -->
        <test-method status="PASS" signature="openBrowserTest()[pri:0, instance:com.demoaut.mercurytours.TestCases.RegisterUserTest@7946e1f4]" name="openBrowserTest" is-config="true" duration-ms="6799" started-at="2018-06-29T15:18:12Z" finished-at="2018-06-29T15:18:18Z">
          <reporter-output>
          </reporter-output>
        </test-method> <!-- openBrowserTest -->
        <test-method status="PASS" signature="registerNewUser()[pri:0, instance:com.demoaut.mercurytours.TestCases.RegisterUserTest@7946e1f4]" name="registerNewUser" duration-ms="7084" started-at="2018-06-29T15:18:18Z" description="This test will perform to register new user" finished-at="2018-06-29T15:18:25Z">
          <reporter-output>
          </reporter-output>
        </test-method> <!-- registerNewUser -->
        <test-method status="PASS" signature="getResult(org.testng.ITestResult)[pri:0, instance:com.demoaut.mercurytours.TestCases.RegisterUserTest@7946e1f4]" name="getResult" is-config="true" duration-ms="169" started-at="2018-06-29T15:18:25Z" finished-at="2018-06-29T15:18:26Z">
          <params>
            <param index="0">
              <value>
                <![CDATA[[TestResult name=registerNewUser status=SUCCESS method=RegisterUserTest.registerNewUser()[pri:0, instance:com.demoaut.mercurytours.TestCases.RegisterUserTest@7946e1f4] output={null}]]]>
              </value>
            </param>
          </params>
          <reporter-output>
          </reporter-output>
        </test-method> <!-- getResult -->
        <test-method status="PASS" signature="afterTestCheck()[pri:0, instance:com.demoaut.mercurytours.TestCases.RegisterUserTest@7946e1f4]" name="afterTestCheck" is-config="true" duration-ms="452" started-at="2018-06-29T15:18:26Z" finished-at="2018-06-29T15:18:26Z">
          <reporter-output>
          </reporter-output>
        </test-method> <!-- afterTestCheck -->
      </class> <!-- com.demoaut.mercurytours.TestCases.RegisterUserTest -->
    </test> <!-- Test -->
  </suite> <!-- Suite -->
</testng-results>
